0 info it worked if it ends with ok
1 verbose cli [ 'node', '/usr/local/bin/npm', 'publish' ]
2 info using npm@1.3.25
3 info using node@v0.10.18
4 verbose publish [ '.' ]
5 verbose cache add [ '.', null ]
6 verbose cache add name=undefined spec="." args=[".",null]
7 verbose parsed url { protocol: null,
7 verbose parsed url   slashes: null,
7 verbose parsed url   auth: null,
7 verbose parsed url   host: null,
7 verbose parsed url   port: null,
7 verbose parsed url   hostname: null,
7 verbose parsed url   hash: null,
7 verbose parsed url   search: null,
7 verbose parsed url   query: null,
7 verbose parsed url   pathname: '.',
7 verbose parsed url   path: '.',
7 verbose parsed url   href: '.' }
8 silly lockFile 3a52ce78- .
9 verbose lock . /Users/tim/.npm/3a52ce78-.lock
10 verbose tar pack [ '/var/folders/1g/86gwn5hj00lgx_mp0t0v82600000gn/T/npm-21273-ethFSDPw/1400190319416-0.4590087041724473/tmp.tgz',
10 verbose tar pack   '.' ]
11 verbose tarball /var/folders/1g/86gwn5hj00lgx_mp0t0v82600000gn/T/npm-21273-ethFSDPw/1400190319416-0.4590087041724473/tmp.tgz
12 verbose folder .
13 info prepublish markdocs@0.5.0
14 silly lockFile 1f1177db-tar tar://.
15 verbose lock tar://. /Users/tim/.npm/1f1177db-tar.lock
16 silly lockFile bec028c4-19416-0-4590087041724473-tmp-tgz tar:///var/folders/1g/86gwn5hj00lgx_mp0t0v82600000gn/T/npm-21273-ethFSDPw/1400190319416-0.4590087041724473/tmp.tgz
17 verbose lock tar:///var/folders/1g/86gwn5hj00lgx_mp0t0v82600000gn/T/npm-21273-ethFSDPw/1400190319416-0.4590087041724473/tmp.tgz /Users/tim/.npm/bec028c4-19416-0-4590087041724473-tmp-tgz.lock
18 silly lockFile 1f1177db-tar tar://.
19 silly lockFile 1f1177db-tar tar://.
20 silly lockFile bec028c4-19416-0-4590087041724473-tmp-tgz tar:///var/folders/1g/86gwn5hj00lgx_mp0t0v82600000gn/T/npm-21273-ethFSDPw/1400190319416-0.4590087041724473/tmp.tgz
21 silly lockFile bec028c4-19416-0-4590087041724473-tmp-tgz tar:///var/folders/1g/86gwn5hj00lgx_mp0t0v82600000gn/T/npm-21273-ethFSDPw/1400190319416-0.4590087041724473/tmp.tgz
22 verbose tar unpack /var/folders/1g/86gwn5hj00lgx_mp0t0v82600000gn/T/npm-21273-ethFSDPw/1400190319416-0.4590087041724473/tmp.tgz
23 silly lockFile 0771c2d9-19416-0-4590087041724473-package tar:///var/folders/1g/86gwn5hj00lgx_mp0t0v82600000gn/T/npm-21273-ethFSDPw/1400190319416-0.4590087041724473/package
24 verbose lock tar:///var/folders/1g/86gwn5hj00lgx_mp0t0v82600000gn/T/npm-21273-ethFSDPw/1400190319416-0.4590087041724473/package /Users/tim/.npm/0771c2d9-19416-0-4590087041724473-package.lock
25 silly lockFile bec028c4-19416-0-4590087041724473-tmp-tgz tar:///var/folders/1g/86gwn5hj00lgx_mp0t0v82600000gn/T/npm-21273-ethFSDPw/1400190319416-0.4590087041724473/tmp.tgz
26 verbose lock tar:///var/folders/1g/86gwn5hj00lgx_mp0t0v82600000gn/T/npm-21273-ethFSDPw/1400190319416-0.4590087041724473/tmp.tgz /Users/tim/.npm/bec028c4-19416-0-4590087041724473-tmp-tgz.lock
27 silly gunzTarPerm modes [ '755', '644' ]
28 silly gunzTarPerm extractEntry package.json
29 silly gunzTarPerm extractEntry .npmignore
30 silly gunzTarPerm extractEntry README.md
31 silly gunzTarPerm extractEntry index.js
32 silly gunzTarPerm extractEntry markdocs.js
33 silly gunzTarPerm extractEntry examples/http.md
34 silly gunzTarPerm extractEntry examples/http.txt
35 silly gunzTarPerm extractEntry examples/js.md
36 silly gunzTarPerm extractEntry examples/js.txt
37 silly gunzTarPerm extractEntry readme2ghpages.rb
38 silly lockFile 0771c2d9-19416-0-4590087041724473-package tar:///var/folders/1g/86gwn5hj00lgx_mp0t0v82600000gn/T/npm-21273-ethFSDPw/1400190319416-0.4590087041724473/package
39 silly lockFile 0771c2d9-19416-0-4590087041724473-package tar:///var/folders/1g/86gwn5hj00lgx_mp0t0v82600000gn/T/npm-21273-ethFSDPw/1400190319416-0.4590087041724473/package
40 silly lockFile bec028c4-19416-0-4590087041724473-tmp-tgz tar:///var/folders/1g/86gwn5hj00lgx_mp0t0v82600000gn/T/npm-21273-ethFSDPw/1400190319416-0.4590087041724473/tmp.tgz
41 silly lockFile bec028c4-19416-0-4590087041724473-tmp-tgz tar:///var/folders/1g/86gwn5hj00lgx_mp0t0v82600000gn/T/npm-21273-ethFSDPw/1400190319416-0.4590087041724473/tmp.tgz
42 verbose tar pack [ '/Users/tim/.npm/markdocs/0.5.0/package.tgz',
42 verbose tar pack   '/var/folders/1g/86gwn5hj00lgx_mp0t0v82600000gn/T/npm-21273-ethFSDPw/1400190319416-0.4590087041724473/package' ]
43 verbose tarball /Users/tim/.npm/markdocs/0.5.0/package.tgz
44 verbose folder /var/folders/1g/86gwn5hj00lgx_mp0t0v82600000gn/T/npm-21273-ethFSDPw/1400190319416-0.4590087041724473/package
45 silly lockFile 0771c2d9-19416-0-4590087041724473-package tar:///var/folders/1g/86gwn5hj00lgx_mp0t0v82600000gn/T/npm-21273-ethFSDPw/1400190319416-0.4590087041724473/package
46 verbose lock tar:///var/folders/1g/86gwn5hj00lgx_mp0t0v82600000gn/T/npm-21273-ethFSDPw/1400190319416-0.4590087041724473/package /Users/tim/.npm/0771c2d9-19416-0-4590087041724473-package.lock
47 silly lockFile 78a3effa-m-npm-markdocs-0-5-0-package-tgz tar:///Users/tim/.npm/markdocs/0.5.0/package.tgz
48 verbose lock tar:///Users/tim/.npm/markdocs/0.5.0/package.tgz /Users/tim/.npm/78a3effa-m-npm-markdocs-0-5-0-package-tgz.lock
49 silly lockFile 0771c2d9-19416-0-4590087041724473-package tar:///var/folders/1g/86gwn5hj00lgx_mp0t0v82600000gn/T/npm-21273-ethFSDPw/1400190319416-0.4590087041724473/package
50 silly lockFile 0771c2d9-19416-0-4590087041724473-package tar:///var/folders/1g/86gwn5hj00lgx_mp0t0v82600000gn/T/npm-21273-ethFSDPw/1400190319416-0.4590087041724473/package
51 silly lockFile 78a3effa-m-npm-markdocs-0-5-0-package-tgz tar:///Users/tim/.npm/markdocs/0.5.0/package.tgz
52 silly lockFile 78a3effa-m-npm-markdocs-0-5-0-package-tgz tar:///Users/tim/.npm/markdocs/0.5.0/package.tgz
53 silly lockFile 2b31ea96-s-tim-npm-markdocs-0-5-0-package /Users/tim/.npm/markdocs/0.5.0/package
54 verbose lock /Users/tim/.npm/markdocs/0.5.0/package /Users/tim/.npm/2b31ea96-s-tim-npm-markdocs-0-5-0-package.lock
55 silly lockFile 2b31ea96-s-tim-npm-markdocs-0-5-0-package /Users/tim/.npm/markdocs/0.5.0/package
56 silly lockFile 2b31ea96-s-tim-npm-markdocs-0-5-0-package /Users/tim/.npm/markdocs/0.5.0/package
57 verbose tar unpack /Users/tim/.npm/markdocs/0.5.0/package.tgz
58 silly lockFile 6a46490f-s-tim-npm-markdocs-0-5-0-package tar:///Users/tim/.npm/markdocs/0.5.0/package
59 verbose lock tar:///Users/tim/.npm/markdocs/0.5.0/package /Users/tim/.npm/6a46490f-s-tim-npm-markdocs-0-5-0-package.lock
60 silly lockFile 78a3effa-m-npm-markdocs-0-5-0-package-tgz tar:///Users/tim/.npm/markdocs/0.5.0/package.tgz
61 verbose lock tar:///Users/tim/.npm/markdocs/0.5.0/package.tgz /Users/tim/.npm/78a3effa-m-npm-markdocs-0-5-0-package-tgz.lock
62 silly gunzTarPerm modes [ '755', '644' ]
63 silly gunzTarPerm extractEntry package.json
64 silly gunzTarPerm extractEntry .npmignore
65 silly gunzTarPerm extractEntry README.md
66 silly gunzTarPerm extractEntry index.js
67 silly gunzTarPerm extractEntry markdocs.js
68 silly gunzTarPerm extractEntry examples/http.md
69 silly gunzTarPerm extractEntry examples/http.txt
70 silly gunzTarPerm extractEntry examples/js.md
71 silly gunzTarPerm extractEntry examples/js.txt
72 silly gunzTarPerm extractEntry readme2ghpages.rb
73 silly lockFile 6a46490f-s-tim-npm-markdocs-0-5-0-package tar:///Users/tim/.npm/markdocs/0.5.0/package
74 silly lockFile 6a46490f-s-tim-npm-markdocs-0-5-0-package tar:///Users/tim/.npm/markdocs/0.5.0/package
75 silly lockFile 78a3effa-m-npm-markdocs-0-5-0-package-tgz tar:///Users/tim/.npm/markdocs/0.5.0/package.tgz
76 silly lockFile 78a3effa-m-npm-markdocs-0-5-0-package-tgz tar:///Users/tim/.npm/markdocs/0.5.0/package.tgz
77 verbose chmod /Users/tim/.npm/markdocs/0.5.0/package.tgz 644
78 verbose chown /Users/tim/.npm/markdocs/0.5.0/package.tgz [ 501, 20 ]
79 silly lockFile 3a52ce78- .
80 silly lockFile 3a52ce78- .
81 silly publish { name: 'markdocs',
81 silly publish   version: '0.5.0',
81 silly publish   description: 'Generates documentation from Markdown',
81 silly publish   bin:
81 silly publish    { markdocs: './markdocs.js',
81 silly publish      'markdocs-publish': './readme2ghpages.rb' },
81 silly publish   repository: '',
81 silly publish   author: '',
81 silly publish   license: 'BSD',
81 silly publish   dependencies:
81 silly publish    { nomnom: '~1.6.2',
81 silly publish      marked: '~0.3.1',
81 silly publish      open: '0.0.4',
81 silly publish      ent: '~2.0.0' },
81 silly publish   readme: '# markdocs\n\nGenerate API documentation in Markdown for your Github repo or *fun*.\n\n```\nnpm install git+https://github.com/tcr/markdocs\n```\n\nConvert a text representation inbetween &lt;!--markdocs--&gt; ... &lt!--/markdocs--&gt; tags. Then `generate` or `restore` a clean API representation.\n\n```\n$ markdocs generate README.md\ngenerating: README.md\ndone.\n```\n\n```\n$ markdocs restore README.md\nrestoring: README.md\ndone.\n```\n\n\n# Examples\n\nFree form pairs of lines (`header \\n description` or `signature \\n description`) are converted to syntactically messy and visually beautiful Markdown docs.\n\n\n## Script Example\n\n```\n# Pins\nDigital and analog pins can be controlled by an object-oriented API.\n\narray<number> hardware.digitalReadPins = []\nAn array of which pins are digital inputs.\n\nnew hardware.Pin (pin, dir or initialOutput, edge)\nCreate and return `pin` object.\n```\n\nOutput:\n\n<hr>\n\n### Pins\nDigital and analog pins can be controlled by an object-oriented API.\n\n&#x20;<a href="#api-array-number-hardware-digitalReadPins-" name="api-array-number-hardware-digitalReadPins-">#</a> <i>array&lt;number&gt;</i>&nbsp; hardware.<b>digitalReadPins</b> = []  \nAn array of which pins are digital inputs.\n\n&#x20;<a href="#api-new-hardware-Pin-pin-dir-or-initialOutput-edge-" name="api-new-hardware-Pin-pin-dir-or-initialOutput-edge-">#</a> new hardware.<b>Pin</b> ( `pin`, `dir` or `initialOutput`, `edge` )  \nCreate and return `pin` object.\n\n<hr>\n\nMarkdown:\n\n```\n### Pins\nDigital and analog pins can be controlled by an object-oriented API.\n\n&#x20;<a href="#api-array-number-hardware-digitalReadPins-" name="api-array-number-hardware-digitalReadPins-">#</a> <i>array&lt;number&gt;</i>&nbsp; hardware.<b>digitalReadPins</b> = []  \nAn array of which pins are digital inputs.\n\n&#x20;<a href="#api-new-hardware-Pin-pin-dir-or-initialOutput-edge-" name="api-new-hardware-Pin-pin-dir-or-initialOutput-edge-">#</a> new hardware.<b>Pin</b> ( `pin`, `dir` or `initialOutput`, `edge` )  \nCreate and return `pin` object.\n```\n\n\n# HTTP Example\n\n    # Tweeting\n\n    Retrieve, post, and search tweets.\n\n    GET /:username/tweets\n    Get all of a user\'s tweets, ever! Returns: \n\n    ```js\n    {\n      "tweets": [\n        {\n          "status": "Everything happens so much",\n          "datetime": "2013-09-03T00:00:00",\n          "username": "horse_ebooks" \n        }\n        ...\n      ]\n    }\n    ```\n\nOutput:\n\n<hr>\n\n### Tweeting\nRetrieve, post, and search tweets.\n\n&#x20;<a href="#api-GET-username-tweets" name="api-GET-username-tweets">#</a> <b>GET</b> /`:username`/tweets  \nGet all of a user\'s tweets, ever! Returns: \n\n```js\n{\n  "tweets": [\n    {\n      "status": "Everything happens so much",\n      "datetime": "2013-09-03T00:00:00",\n      "username": "horse_ebooks" \n    }\n    ...\n  ]\n}\n```\n\n\n<hr>\n\nMarkdown:\n\n    ### Tweeting\n    Retrieve, post, and search tweets.\n\n    &#x20;<a href="#api-GET-username-tweets" name="api-GET-username-tweets">#</a> <b>GET</b> /`:username`/tweets  \n    Get all of a user\'s tweets, ever! Returns: \n\n    ```js\n    {\n      "tweets": [\n        {\n          "status": "Everything happens so much",\n          "datetime": "2013-09-03T00:00:00",\n          "username": "horse_ebooks" \n        }\n        ...\n      ]\n    }\n    ```',
81 silly publish   readmeFilename: 'README.md',
81 silly publish   _id: 'markdocs@0.5.0',
81 silly publish   dist: { shasum: 'd224138a4baf661610aa5f417dcad78d8bf2e171' },
81 silly publish   _from: '.' }
82 verbose url raw markdocs
83 verbose url resolving [ 'https://registry.npmjs.org/', './markdocs' ]
84 verbose url resolved https://registry.npmjs.org/markdocs
85 info trying registry request attempt 1 at 14:45:19
86 http PUT https://registry.npmjs.org/markdocs
87 http 403 https://registry.npmjs.org/markdocs
88 info trying registry request attempt 1 at 14:45:20
89 http PUT https://registry.npmjs.org/markdocs
90 http 403 https://registry.npmjs.org/markdocs
91 error publish Failed PUT 403
92 error Error: forbidden cannot modify pre-existing version: 0.5.0
92 error old={"name":"markdocs","description":"Simple docs for apps with markdown","version":"0.5.0","author":{"name":"Qraftlabs","email":"hello@qraftlabs.com"},"dependencies":{"commander":"1.0.5","mkdirp":"0.3.4","express":"3.0.3","jade":"0.27.7","less":"1.3.1","showdown":"0.3.1","wrench":"1.3.4","rel-to-abs":"0.1.0"},"devDependencies":{},"keywords":["markdown","docs"],"repository":{"type":"git","url":"git://github.com/qraftlabs/node-markdocs"},"main":"index","bin":{"markdocs":"./bin/markdocs"},"engines":{"node":"*"},"bugs":{"url":"https://github.com/qraftlabs/node-markdocs/issues"},"_id":"markdocs@0.5.0","dist":{"shasum":"14ba2988a603117db6395573b94b2df7ccfbcb5d","tarball":"http://registry.npmjs.org/markdocs/-/markdocs-0.5.0.tgz"},"_from":".","_npmVersion":"1.2.22","_npmUser":{"name":"woloski","email":"matiasw@gmail.com"},"maintainers":[{"name":"woloski","email":"matiasw@gmail.com"}]}
92 error new={"name":"markdocs","version":"0.5.0","description":"Generates documentation from Markdown","bin":{"markdocs":"./markdocs.js","markdocs-publish":"./readme2ghpages.rb"},"repository":"","author":"","license":"BSD","dependencies":{"nomnom":"~1.6.2","marked":"~0.3.1","open":"0.0.4","ent":"~2.0.0"},"readme":"# markdocs\u000a\u000aGenerate API documentation in Markdown for your Github repo or *fun*.\u000a\u000a```\u000anpm install git+https://github.com/tcr/markdocs\u000a```\u000a\u000aConvert a text representation inbetween &lt;!--markdocs--&gt; ... &lt!--/markdocs--&gt; tags. Then `generate` or `restore` a clean API representation.\u000a\u000a```\u000a$ markdocs generate README.md\u000agenerating: README.md\u000adone.\u000a```\u000a\u000a```\u000a$ markdocs restore README.md\u000arestoring: README.md\u000adone.\u000a```\u000a\u000a\u000a# Examples\u000a\u000aFree form pairs of lines (`header \\n description` or `signature \\n description`) are converted to syntactically messy and visually beautiful Markdown docs.\u000a\u000a\u000a## Script Example\u000a\u000a```\u000a# Pins\u000aDigital and analog pins can be controlled by an object-oriented API.\u000a\u000aarray<number> hardware.digitalReadPins = []\u000aAn array of which pins are digital inputs.\u000a\u000anew hardware.Pin (pin, dir or initialOutput, edge)\u000aCreate and return `pin` object.\u000a```\u000a\u000aOutput:\u000a\u000a<hr>\u000a\u000a### Pins\u000aDigital and analog pins can be controlled by an object-oriented API.\u000a\u000a&#x20;<a href=\"#api-array-number-hardware-digitalReadPins-\" name=\"api-array-number-hardware-digitalReadPins-\">#</a> <i>array&lt;number&gt;</i>&nbsp; hardware.<b>digitalReadPins</b> = []  \u000aAn array of which pins are digital inputs.\u000a\u000a&#x20;<a href=\"#api-new-hardware-Pin-pin-dir-or-initialOutput-edge-\" name=\"api-new-hardware-Pin-pin-dir-or-initialOutput-edge-\">#</a> new hardware.<b>Pin</b> ( `pin`, `dir` or `initialOutput`, `edge` )  \u000aCreate and return `pin` object.\u000a\u000a<hr>\u000a\u000aMarkdown:\u000a\u000a```\u000a### Pins\u000aDigital and analog pins can be controlled by an object-oriented API.\u000a\u000a&#x20;<a href=\"#api-array-number-hardware-digitalReadPins-\" name=\"api-array-number-hardware-digitalReadPins-\">#</a> <i>array&lt;number&gt;</i>&nbsp; hardware.<b>digitalReadPins</b> = []  \u000aAn array of which pins are digital inputs.\u000a\u000a&#x20;<a href=\"#api-new-hardware-Pin-pin-dir-or-initialOutput-edge-\" name=\"api-new-hardware-Pin-pin-dir-or-initialOutput-edge-\">#</a> new hardware.<b>Pin</b> ( `pin`, `dir` or `initialOutput`, `edge` )  \u000aCreate and return `pin` object.\u000a```\u000a\u000a\u000a# HTTP Example\u000a\u000a    # Tweeting\u000a\u000a    Retrieve, post, and search tweets.\u000a\u000a    GET /:username/tweets\u000a    Get all of a user's tweets, ever! Returns: \u000a\u000a    ```js\u000a    {\u000a      \"tweets\": [\u000a        {\u000a          \"status\": \"Everything happens so much\",\u000a          \"datetime\": \"2013-09-03T00:00:00\",\u000a          \"username\": \"horse_ebooks\" \u000a        }\u000a        ...\u000a      ]\u000a    }\u000a    ```\u000a\u000aOutput:\u000a\u000a<hr>\u000a\u000a### Tweeting\u000aRetrieve, post, and search tweets.\u000a\u000a&#x20;<a href=\"#api-GET-username-tweets\" name=\"api-GET-username-tweets\">#</a> <b>GET</b> /`:username`/tweets  \u000aGet all of a user's tweets, ever! Returns: \u000a\u000a```js\u000a{\u000a  \"tweets\": [\u000a    {\u000a      \"status\": \"Everything happens so much\",\u000a      \"datetime\": \"2013-09-03T00:00:00\",\u000a      \"username\": \"horse_ebooks\" \u000a    }\u000a    ...\u000a  ]\u000a}\u000a```\u000a\u000a\u000a<hr>\u000a\u000aMarkdown:\u000a\u000a    ### Tweeting\u000a    Retrieve, post, and search tweets.\u000a\u000a    &#x20;<a href=\"#api-GET-username-tweets\" name=\"api-GET-username-tweets\">#</a> <b>GET</b> /`:username`/tweets  \u000a    Get all of a user's tweets, ever! Returns: \u000a\u000a    ```js\u000a    {\u000a      \"tweets\": [\u000a        {\u000a          \"status\": \"Everything happens so much\",\u000a          \"datetime\": \"2013-09-03T00:00:00\",\u000a          \"username\": \"horse_ebooks\" \u000a        }\u000a        ...\u000a      ]\u000a    }\u000a    ```","readmeFilename":"README.md","_id":"markdocs@0.5.0","dist":{"shasum":"d224138a4baf661610aa5f417dcad78d8bf2e171","tarball":"http://registry.npmjs.org/markdocs/-/markdocs-0.5.0.tgz"},"_from":".","_npmVersion":"1.3.25","_npmUser":{"name":"tcr","email":"id@timryan.org"},"maintainers":[{"name":"tcr","email":"id@timryan.org"}]}: markdocs
92 error     at RegClient.<anonymous> (/usr/local/lib/node_modules/npm/node_modules/npm-registry-client/lib/request.js:275:14)
92 error     at Request.self.callback (/usr/local/lib/node_modules/npm/node_modules/request/request.js:123:22)
92 error     at Request.EventEmitter.emit (events.js:98:17)
92 error     at Request.<anonymous> (/usr/local/lib/node_modules/npm/node_modules/request/request.js:893:14)
92 error     at Request.EventEmitter.emit (events.js:117:20)
92 error     at IncomingMessage.<anonymous> (/usr/local/lib/node_modules/npm/node_modules/request/request.js:844:12)
92 error     at IncomingMessage.EventEmitter.emit (events.js:117:20)
92 error     at _stream_readable.js:920:16
92 error     at process._tickCallback (node.js:415:13)
93 error If you need help, you may report this *entire* log,
93 error including the npm and node versions, at:
93 error     <http://github.com/isaacs/npm/issues>
94 error System Darwin 13.2.0
95 error command "node" "/usr/local/bin/npm" "publish"
96 error cwd /Users/tim/Code/tcr/markdocs
97 error node -v v0.10.18
98 error npm -v 1.3.25
99 verbose exit [ 1, true ]
